<?xml version="1.0" encoding="UTF-8"?>
<!-- Generated by org.testng.reporters.JUnitReportReporter -->
<testsuite hostname="CHETUIWK1380" failures="0" tests="2" name="OrangeHRM.HRM.LoginPageTest" time="21.072" errors="0" timestamp="2022-07-27T16:36:03 IST" skipped="0">
  <testcase classname="OrangeHRM.HRM.LoginPageTest" name="getTitle" time="8.714"/>
  <system-out/>
  <testcase classname="OrangeHRM.HRM.LoginPageTest" name="Login" time="12.358"/>
  <system-out/>
</testsuite> <!-- OrangeHRM.HRM.LoginPageTest -->
